# Logfile created on 2014-07-13 16:31:53 +0800 by logger.rb/41954
I, [2014-07-13T16:31:53.067256 #11509]  INFO -- : 0:  addressable (2.3.6) from /Users/Guy/.rvm/gems/ruby-2.0.0-p353/specifications/addressable-2.3.6.gemspec
I, [2014-07-13T16:31:59.692348 #11509]  INFO -- : 0:  multipart-post (2.0.0) from /Users/Guy/.rvm/gems/ruby-2.0.0-p353/specifications/multipart-post-2.0.0.gemspec
I, [2014-07-13T16:32:03.719677 #11509]  INFO -- : 0:  faraday (0.9.0) from /Users/Guy/.rvm/gems/ruby-2.0.0-p353/specifications/faraday-0.9.0.gemspec
I, [2014-07-13T16:32:05.132415 #11509]  INFO -- : 0:  berkshelf-api-client (1.2.0) from /Users/Guy/.rvm/gems/ruby-2.0.0-p353/specifications/berkshelf-api-client-1.2.0.gemspec
I, [2014-07-13T16:32:06.945535 #11509]  INFO -- : 0:  buff-extensions (1.0.0) from /Users/Guy/.rvm/gems/ruby-2.0.0-p353/specifications/buff-extensions-1.0.0.gemspec
I, [2014-07-13T16:32:08.635809 #11509]  INFO -- : 0:  hashie (2.1.2) from /Users/Guy/.rvm/gems/ruby-2.0.0-p353/specifications/hashie-2.1.2.gemspec
I, [2014-07-13T16:32:10.542667 #11509]  INFO -- : 0:  varia_model (0.4.0) from /Users/Guy/.rvm/gems/ruby-2.0.0-p353/specifications/varia_model-0.4.0.gemspec
I, [2014-07-13T16:32:12.276600 #11509]  INFO -- : 0:  buff-config (1.0.0) from /Users/Guy/.rvm/gems/ruby-2.0.0-p353/specifications/buff-config-1.0.0.gemspec
I, [2014-07-13T16:32:13.278711 #11509]  INFO -- : 0:  buff-ruby_engine (0.1.0) from /Users/Guy/.rvm/gems/ruby-2.0.0-p353/specifications/buff-ruby_engine-0.1.0.gemspec
I, [2014-07-13T16:32:14.935151 #11509]  INFO -- : 0:  buff-shell_out (0.1.1) from /Users/Guy/.rvm/gems/ruby-2.0.0-p353/specifications/buff-shell_out-0.1.1.gemspec
I, [2014-07-13T16:32:18.731315 #11509]  INFO -- : 0:  hitimes (1.2.2) from /Users/Guy/.rvm/gems/ruby-2.0.0-p353/specifications/hitimes-1.2.2.gemspec
I, [2014-07-13T16:32:20.534562 #11509]  INFO -- : 0:  timers (3.0.1) from /Users/Guy/.rvm/gems/ruby-2.0.0-p353/specifications/timers-3.0.1.gemspec
I, [2014-07-13T16:32:27.211421 #11509]  INFO -- : 0:  celluloid (0.16.0.pre2) from /Users/Guy/.rvm/gems/ruby-2.0.0-p353/specifications/celluloid-0.16.0.pre2.gemspec
I, [2014-07-13T16:32:31.521362 #11509]  INFO -- : 0:  nio4r (1.0.0) from /Users/Guy/.rvm/gems/ruby-2.0.0-p353/specifications/nio4r-1.0.0.gemspec
I, [2014-07-13T16:32:33.111086 #11509]  INFO -- : 0:  celluloid-io (0.16.0.pre2) from /Users/Guy/.rvm/gems/ruby-2.0.0-p353/specifications/celluloid-io-0.16.0.pre2.gemspec
I, [2014-07-13T16:32:34.311559 #11509]  INFO -- : 0:  minitar (0.5.4) from /Users/Guy/.rvm/gems/ruby-2.0.0-p353/specifications/minitar-0.5.4.gemspec
I, [2014-07-13T16:32:35.871843 #11509]  INFO -- : 0:  sawyer (0.5.4) from /Users/Guy/.rvm/gems/ruby-2.0.0-p353/specifications/sawyer-0.5.4.gemspec
I, [2014-07-13T16:32:37.810319 #11509]  INFO -- : 0:  octokit (3.2.0) from /Users/Guy/.rvm/gems/ruby-2.0.0-p353/specifications/octokit-3.2.0.gemspec
I, [2014-07-13T16:32:38.788614 #11509]  INFO -- : 0:  retryable (1.3.5) from /Users/Guy/.rvm/gems/ruby-2.0.0-p353/specifications/retryable-1.3.5.gemspec
I, [2014-07-13T16:32:43.905584 #11509]  INFO -- : 0:  buff-ignore (1.1.1) from /Users/Guy/.rvm/gems/ruby-2.0.0-p353/specifications/buff-ignore-1.1.1.gemspec
I, [2014-07-13T16:32:43.905989 #11509]  INFO -- : 0:  erubis (2.7.0) from /Users/Guy/.rvm/gems/ruby-2.0.0-p353/specifications/erubis-2.7.0.gemspec
I, [2014-07-13T16:32:43.906257 #11509]  INFO -- : 0:  json (1.8.1) from /Users/Guy/.rvm/gems/ruby-2.0.0-p353/specifications/json-1.8.1.gemspec
I, [2014-07-13T16:32:43.906538 #11509]  INFO -- : 0:  mixlib-log (1.6.0) from /Users/Guy/.rvm/gems/ruby-2.0.0-p353/specifications/mixlib-log-1.6.0.gemspec
I, [2014-07-13T16:32:44.992367 #11509]  INFO -- : 0:  mixlib-authentication (1.3.0) from /Users/Guy/.rvm/gems/ruby-2.0.0-p353/specifications/mixlib-authentication-1.3.0.gemspec
I, [2014-07-13T16:32:46.304461 #11509]  INFO -- : 0:  net-http-persistent (2.9.4) from /Users/Guy/.rvm/gems/ruby-2.0.0-p353/specifications/net-http-persistent-2.9.4.gemspec
I, [2014-07-13T16:32:47.414592 #11509]  INFO -- : 0:  semverse (1.1.0) from /Users/Guy/.rvm/gems/ruby-2.0.0-p353/specifications/semverse-1.1.0.gemspec
I, [2014-07-13T16:32:50.371494 #11509]  INFO -- : 0:  ridley (4.0.0) from /Users/Guy/.rvm/gems/ruby-2.0.0-p353/specifications/ridley-4.0.0.gemspec
E, [2014-07-13T16:34:46.534040 #11509] ERROR -- : SystemExit: exit
/Users/Guy/.rvm/gems/ruby-2.0.0-p353@global/gems/bundler-1.5.0/bin/bundle:4:in `exit'  \n/Users/Guy/.rvm/gems/ruby-2.0.0-p353@global/gems/bundler-1.5.0/bin/bundle:4:in `block in <top (required)>'  \n/Users/Guy/.rvm/rubies/ruby-2.0.0-p353/lib/ruby/2.0.0/net/protocol.rb:155:in `call'  \n/Users/Guy/.rvm/rubies/ruby-2.0.0-p353/lib/ruby/2.0.0/net/protocol.rb:155:in `select'  \n/Users/Guy/.rvm/rubies/ruby-2.0.0-p353/lib/ruby/2.0.0/net/protocol.rb:155:in `rescue in rbuf_fill'  \n/Users/Guy/.rvm/rubies/ruby-2.0.0-p353/lib/ruby/2.0.0/net/protocol.rb:152:in `rbuf_fill'  \n/Users/Guy/.rvm/rubies/ruby-2.0.0-p353/lib/ruby/2.0.0/net/protocol.rb:104:in `read'  \n/Users/Guy/.rvm/rubies/ruby-2.0.0-p353/lib/ruby/2.0.0/net/http/response.rb:284:in `block in read_body_0'  \n/Users/Guy/.rvm/rubies/ruby-2.0.0-p353/lib/ruby/2.0.0/net/http/response.rb:269:in `inflater'  \n/Users/Guy/.rvm/rubies/ruby-2.0.0-p353/lib/ruby/2.0.0/net/http/response.rb:274:in `read_body_0'  \n/Users/Guy/.rvm/rubies/ruby-2.0.0-p353/lib/ruby/2.0.0/net/http/response.rb:201:in `read_body'  \n/Users/Guy/.rvm/rubies/ruby-2.0.0-p353/lib/ruby/site_ruby/2.0.0/rubygems/request.rb:143:in `block in fetch'  \n/Users/Guy/.rvm/rubies/ruby-2.0.0-p353/lib/ruby/2.0.0/net/http.rb:1413:in `block (2 levels) in transport_request'  \n/Users/Guy/.rvm/rubies/ruby-2.0.0-p353/lib/ruby/2.0.0/net/http/response.rb:162:in `reading_body'  \n/Users/Guy/.rvm/rubies/ruby-2.0.0-p353/lib/ruby/2.0.0/net/http.rb:1412:in `block in transport_request'  \n/Users/Guy/.rvm/rubies/ruby-2.0.0-p353/lib/ruby/2.0.0/net/http.rb:1403:in `catch'  \n/Users/Guy/.rvm/rubies/ruby-2.0.0-p353/lib/ruby/2.0.0/net/http.rb:1403:in `transport_request'  \n/Users/Guy/.rvm/rubies/ruby-2.0.0-p353/lib/ruby/2.0.0/net/http.rb:1376:in `request'  \n/Users/Guy/.rvm/rubies/ruby-2.0.0-p353/lib/ruby/site_ruby/2.0.0/rubygems/request.rb:137:in `fetch'  \n/Users/Guy/.rvm/rubies/ruby-2.0.0-p353/lib/ruby/site_ruby/2.0.0/rubygems/remote_fetcher.rb:329:in `request'  \n/Users/Guy/.rvm/rubies/ruby-2.0.0-p353/lib/ruby/site_ruby/2.0.0/rubygems/remote_fetcher.rb:224:in `fetch_http'  \n/Users/Guy/.rvm/rubies/ruby-2.0.0-p353/lib/ruby/site_ruby/2.0.0/rubygems/remote_fetcher.rb:239:in `fetch_http'  \n/Users/Guy/.rvm/rubies/ruby-2.0.0-p353/lib/ruby/site_ruby/2.0.0/rubygems/remote_fetcher.rb:259:in `fetch_path'  \n/Users/Guy/.rvm/rubies/ruby-2.0.0-p353/lib/ruby/site_ruby/2.0.0/rubygems/remote_fetcher.rb:292:in `cache_update_path'  \n/Users/Guy/.rvm/rubies/ruby-2.0.0-p353/lib/ruby/site_ruby/2.0.0/rubygems/remote_fetcher.rb:158:in `download'  \n/Users/Guy/.rvm/gems/ruby-2.0.0-p353@global/gems/bundler-1.5.0/lib/bundler/rubygems_integration.rb:511:in `download_gem'  \n/Users/Guy/.rvm/gems/ruby-2.0.0-p353@global/gems/bundler-1.5.0/lib/bundler/fetcher.rb:41:in `download_gem_from_uri'  \n/Users/Guy/.rvm/gems/ruby-2.0.0-p353@global/gems/bundler-1.5.0/lib/bundler/source/rubygems.rb:78:in `install'  \n/Users/Guy/.rvm/gems/ruby-2.0.0-p353@global/gems/bundler-1.5.0/lib/bundler/installer.rb:111:in `block in install_gem_from_spec'  \n/Users/Guy/.rvm/gems/ruby-2.0.0-p353@global/gems/bundler-1.5.0/lib/bundler/rubygems_integration.rb:150:in `with_build_args'  \n/Users/Guy/.rvm/gems/ruby-2.0.0-p353@global/gems/bundler-1.5.0/lib/bundler/installer.rb:110:in `install_gem_from_spec'  \n/Users/Guy/.rvm/gems/ruby-2.0.0-p353@global/gems/bundler-1.5.0/lib/bundler/installer.rb:295:in `block in install_sequentially'  \n/Users/Guy/.rvm/rubies/ruby-2.0.0-p353/lib/ruby/2.0.0/forwardable.rb:171:in `each'  \n/Users/Guy/.rvm/rubies/ruby-2.0.0-p353/lib/ruby/2.0.0/forwardable.rb:171:in `each'  \n/Users/Guy/.rvm/gems/ruby-2.0.0-p353@global/gems/bundler-1.5.0/lib/bundler/installer.rb:294:in `install_sequentially'  \n/Users/Guy/.rvm/gems/ruby-2.0.0-p353@global/gems/bundler-1.5.0/lib/bundler/installer.rb:97:in `run'  \n/Users/Guy/.rvm/gems/ruby-2.0.0-p353@global/gems/bundler-1.5.0/lib/bundler/installer.rb:15:in `install'  \n/Users/Guy/.rvm/gems/ruby-2.0.0-p353@global/gems/bundler-1.5.0/lib/bundler/cli.rb:257:in `install'  \n/Users/Guy/.rvm/gems/ruby-2.0.0-p353@global/gems/bundler-1.5.0/lib/bundler/vendor/thor/command.rb:27:in `run'  \n/Users/Guy/.rvm/gems/ruby-2.0.0-p353@global/gems/bundler-1.5.0/lib/bundler/vendor/thor/invocation.rb:120:in `invoke_command'  \n/Users/Guy/.rvm/gems/ruby-2.0.0-p353@global/gems/bundler-1.5.0/lib/bundler/vendor/thor.rb:363:in `dispatch'  \n/Users/Guy/.rvm/gems/ruby-2.0.0-p353@global/gems/bundler-1.5.0/lib/bundler/vendor/thor/base.rb:438:in `start'  \n/Users/Guy/.rvm/gems/ruby-2.0.0-p353@global/gems/bundler-1.5.0/lib/bundler/cli.rb:10:in `start'  \n/Users/Guy/.rvm/gems/ruby-2.0.0-p353@global/gems/bundler-1.5.0/bin/bundle:22:in `block in <top (required)>'  \n/Users/Guy/.rvm/gems/ruby-2.0.0-p353@global/gems/bundler-1.5.0/lib/bundler/friendly_errors.rb:5:in `with_friendly_errors'  \n/Users/Guy/.rvm/gems/ruby-2.0.0-p353@global/gems/bundler-1.5.0/bin/bundle:22:in `<top (required)>'  \n/Users/Guy/.rvm/gems/ruby-2.0.0-p353@global/bin/bundle:23:in `load'  \n/Users/Guy/.rvm/gems/ruby-2.0.0-p353@global/bin/bundle:23:in `<main>'  \n/Users/Guy/.rvm/gems/ruby-2.0.0-p353/bin/ruby_executable_hooks:15:in `eval'  \n/Users/Guy/.rvm/gems/ruby-2.0.0-p353/bin/ruby_executable_hooks:15:in `<main>'
I, [2014-07-13T16:35:18.356410 #11782]  INFO -- : 0:  addressable (2.3.6) from /Users/Guy/.rvm/gems/ruby-2.0.0-p353/specifications/addressable-2.3.6.gemspec
I, [2014-07-13T16:35:18.358018 #11782]  INFO -- : 0:  multipart-post (2.0.0) from /Users/Guy/.rvm/gems/ruby-2.0.0-p353/specifications/multipart-post-2.0.0.gemspec
I, [2014-07-13T16:35:18.358562 #11782]  INFO -- : 0:  faraday (0.9.0) from /Users/Guy/.rvm/gems/ruby-2.0.0-p353/specifications/faraday-0.9.0.gemspec
I, [2014-07-13T16:35:18.359041 #11782]  INFO -- : 0:  berkshelf-api-client (1.2.0) from /Users/Guy/.rvm/gems/ruby-2.0.0-p353/specifications/berkshelf-api-client-1.2.0.gemspec
I, [2014-07-13T16:35:18.359461 #11782]  INFO -- : 0:  buff-extensions (1.0.0) from /Users/Guy/.rvm/gems/ruby-2.0.0-p353/specifications/buff-extensions-1.0.0.gemspec
I, [2014-07-13T16:35:18.359901 #11782]  INFO -- : 0:  hashie (2.1.2) from /Users/Guy/.rvm/gems/ruby-2.0.0-p353/specifications/hashie-2.1.2.gemspec
I, [2014-07-13T16:35:18.360343 #11782]  INFO -- : 0:  varia_model (0.4.0) from /Users/Guy/.rvm/gems/ruby-2.0.0-p353/specifications/varia_model-0.4.0.gemspec
I, [2014-07-13T16:35:18.360777 #11782]  INFO -- : 0:  buff-config (1.0.0) from /Users/Guy/.rvm/gems/ruby-2.0.0-p353/specifications/buff-config-1.0.0.gemspec
I, [2014-07-13T16:35:18.361229 #11782]  INFO -- : 0:  buff-ruby_engine (0.1.0) from /Users/Guy/.rvm/gems/ruby-2.0.0-p353/specifications/buff-ruby_engine-0.1.0.gemspec
I, [2014-07-13T16:35:18.361669 #11782]  INFO -- : 0:  buff-shell_out (0.1.1) from /Users/Guy/.rvm/gems/ruby-2.0.0-p353/specifications/buff-shell_out-0.1.1.gemspec
I, [2014-07-13T16:35:18.362411 #11782]  INFO -- : 0:  hitimes (1.2.2) from /Users/Guy/.rvm/gems/ruby-2.0.0-p353/specifications/hitimes-1.2.2.gemspec
I, [2014-07-13T16:35:18.362969 #11782]  INFO -- : 0:  timers (3.0.1) from /Users/Guy/.rvm/gems/ruby-2.0.0-p353/specifications/timers-3.0.1.gemspec
I, [2014-07-13T16:35:18.363510 #11782]  INFO -- : 0:  celluloid (0.16.0.pre2) from /Users/Guy/.rvm/gems/ruby-2.0.0-p353/specifications/celluloid-0.16.0.pre2.gemspec
I, [2014-07-13T16:35:18.364030 #11782]  INFO -- : 0:  nio4r (1.0.0) from /Users/Guy/.rvm/gems/ruby-2.0.0-p353/specifications/nio4r-1.0.0.gemspec
I, [2014-07-13T16:35:18.365071 #11782]  INFO -- : 0:  celluloid-io (0.16.0.pre2) from /Users/Guy/.rvm/gems/ruby-2.0.0-p353/specifications/celluloid-io-0.16.0.pre2.gemspec
I, [2014-07-13T16:35:18.367287 #11782]  INFO -- : 0:  minitar (0.5.4) from /Users/Guy/.rvm/gems/ruby-2.0.0-p353/specifications/minitar-0.5.4.gemspec
I, [2014-07-13T16:35:18.367778 #11782]  INFO -- : 0:  sawyer (0.5.4) from /Users/Guy/.rvm/gems/ruby-2.0.0-p353/specifications/sawyer-0.5.4.gemspec
I, [2014-07-13T16:35:18.368659 #11782]  INFO -- : 0:  octokit (3.2.0) from /Users/Guy/.rvm/gems/ruby-2.0.0-p353/specifications/octokit-3.2.0.gemspec
I, [2014-07-13T16:35:18.369917 #11782]  INFO -- : 0:  retryable (1.3.5) from /Users/Guy/.rvm/gems/ruby-2.0.0-p353/specifications/retryable-1.3.5.gemspec
I, [2014-07-13T16:35:18.371112 #11782]  INFO -- : 0:  buff-ignore (1.1.1) from /Users/Guy/.rvm/gems/ruby-2.0.0-p353/specifications/buff-ignore-1.1.1.gemspec
I, [2014-07-13T16:35:18.371587 #11782]  INFO -- : 0:  erubis (2.7.0) from /Users/Guy/.rvm/gems/ruby-2.0.0-p353/specifications/erubis-2.7.0.gemspec
I, [2014-07-13T16:35:18.372004 #11782]  INFO -- : 0:  json (1.8.1) from /Users/Guy/.rvm/gems/ruby-2.0.0-p353/specifications/json-1.8.1.gemspec
I, [2014-07-13T16:35:18.372442 #11782]  INFO -- : 0:  mixlib-log (1.6.0) from /Users/Guy/.rvm/gems/ruby-2.0.0-p353/specifications/mixlib-log-1.6.0.gemspec
I, [2014-07-13T16:35:18.372871 #11782]  INFO -- : 0:  mixlib-authentication (1.3.0) from /Users/Guy/.rvm/gems/ruby-2.0.0-p353/specifications/mixlib-authentication-1.3.0.gemspec
I, [2014-07-13T16:35:18.373310 #11782]  INFO -- : 0:  net-http-persistent (2.9.4) from /Users/Guy/.rvm/gems/ruby-2.0.0-p353/specifications/net-http-persistent-2.9.4.gemspec
I, [2014-07-13T16:35:18.373749 #11782]  INFO -- : 0:  semverse (1.1.0) from /Users/Guy/.rvm/gems/ruby-2.0.0-p353/specifications/semverse-1.1.0.gemspec
I, [2014-07-13T16:35:18.374242 #11782]  INFO -- : 0:  ridley (4.0.0) from /Users/Guy/.rvm/gems/ruby-2.0.0-p353/specifications/ridley-4.0.0.gemspec
I, [2014-07-13T16:39:12.806606 #11782]  INFO -- : 0:  dep-selector-libgecode (1.0.2) from /Users/Guy/.rvm/gems/ruby-2.0.0-p353/specifications/dep-selector-libgecode-1.0.2.gemspec
I, [2014-07-13T16:39:35.677195 #11782]  INFO -- : 0:  ffi (1.9.3) from /Users/Guy/.rvm/gems/ruby-2.0.0-p353/specifications/ffi-1.9.3.gemspec
I, [2014-07-13T16:39:40.096653 #11782]  INFO -- : 0:  dep_selector (1.0.3) from /Users/Guy/.rvm/gems/ruby-2.0.0-p353/specifications/dep_selector-1.0.3.gemspec
I, [2014-07-13T16:39:40.714960 #11782]  INFO -- : 0:  solve (1.2.0) from /Users/Guy/.rvm/gems/ruby-2.0.0-p353/specifications/solve-1.2.0.gemspec
I, [2014-07-13T16:39:40.715475 #11782]  INFO -- : 0:  thor (0.19.1) from /Users/Guy/.rvm/gems/ruby-2.0.0-p353/specifications/thor-0.19.1.gemspec
I, [2014-07-13T16:39:41.778335 #11782]  INFO -- : 0:  berkshelf (3.1.3) from /Users/Guy/.rvm/gems/ruby-2.0.0-p353/specifications/berkshelf-3.1.3.gemspec
I, [2014-07-13T16:39:41.778893 #11782]  INFO -- : 0:  rack (1.5.2) from /Users/Guy/.rvm/gems/ruby-2.0.0-p353/specifications/rack-1.5.2.gemspec
I, [2014-07-13T16:39:42.423301 #11782]  INFO -- : 0:  chef-zero (2.0.2) from /Users/Guy/.rvm/gems/ruby-2.0.0-p353/specifications/chef-zero-2.0.2.gemspec
I, [2014-07-13T16:39:42.423674 #11782]  INFO -- : 0:  diff-lcs (1.2.5) from /Users/Guy/.rvm/gems/ruby-2.0.0-p353/specifications/diff-lcs-1.2.5.gemspec
I, [2014-07-13T16:39:47.639808 #11782]  INFO -- : 0:  highline (1.6.21) from /Users/Guy/.rvm/gems/ruby-2.0.0-p353/specifications/highline-1.6.21.gemspec
I, [2014-07-13T16:39:47.640289 #11782]  INFO -- : 0:  mime-types (1.25.1) from /Users/Guy/.rvm/gems/ruby-2.0.0-p353/specifications/mime-types-1.25.1.gemspec
I, [2014-07-13T16:39:47.640662 #11782]  INFO -- : 0:  mixlib-cli (1.5.0) from /Users/Guy/.rvm/gems/ruby-2.0.0-p353/specifications/mixlib-cli-1.5.0.gemspec
I, [2014-07-13T16:39:47.640970 #11782]  INFO -- : 0:  mixlib-config (2.1.0) from /Users/Guy/.rvm/gems/ruby-2.0.0-p353/specifications/mixlib-config-2.1.0.gemspec
I, [2014-07-13T16:39:47.641294 #11782]  INFO -- : 0:  mixlib-shellout (1.4.0) from /Users/Guy/.rvm/gems/ruby-2.0.0-p353/specifications/mixlib-shellout-1.4.0.gemspec
I, [2014-07-13T16:39:56.273260 #11782]  INFO -- : 0:  net-ssh (2.9.1) from /Users/Guy/.rvm/gems/ruby-2.0.0-p353/specifications/net-ssh-2.9.1.gemspec
I, [2014-07-13T16:39:56.514419 #11782]  INFO -- : 0:  net-ssh-gateway (1.2.0) from /Users/Guy/.rvm/gems/ruby-2.0.0-p353/specifications/net-ssh-gateway-1.2.0.gemspec
I, [2014-07-13T16:39:56.788644 #11782]  INFO -- : 0:  net-ssh-multi (1.2.0) from /Users/Guy/.rvm/gems/ruby-2.0.0-p353/specifications/net-ssh-multi-1.2.0.gemspec
I, [2014-07-13T16:39:56.789254 #11782]  INFO -- : 0:  ipaddress (0.8.0) from /Users/Guy/.rvm/gems/ruby-2.0.0-p353/specifications/ipaddress-0.8.0.gemspec
I, [2014-07-13T16:39:56.789692 #11782]  INFO -- : 0:  systemu (2.5.2) from /Users/Guy/.rvm/gems/ruby-2.0.0-p353/specifications/systemu-2.5.2.gemspec
I, [2014-07-13T16:40:10.541951 #11782]  INFO -- : 0:  yajl-ruby (1.2.1) from /Users/Guy/.rvm/gems/ruby-2.0.0-p353/specifications/yajl-ruby-1.2.1.gemspec
I, [2014-07-13T16:40:10.542645 #11782]  INFO -- : 0:  ohai (7.0.4) from /Users/Guy/.rvm/gems/ruby-2.0.0-p353/specifications/ohai-7.0.4.gemspec
I, [2014-07-13T16:40:10.543057 #11782]  INFO -- : 0:  coderay (1.1.0) from /Users/Guy/.rvm/gems/ruby-2.0.0-p353/specifications/coderay-1.1.0.gemspec
I, [2014-07-13T16:40:10.543496 #11782]  INFO -- : 0:  method_source (0.8.2) from /Users/Guy/.rvm/gems/ruby-2.0.0-p353/specifications/method_source-0.8.2.gemspec
I, [2014-07-13T16:40:10.543934 #11782]  INFO -- : 0:  slop (3.5.0) from /Users/Guy/.rvm/gems/ruby-2.0.0-p353/specifications/slop-3.5.0.gemspec
I, [2014-07-13T16:40:12.898751 #11782]  INFO -- : 0:  pry (0.10.0) from /Users/Guy/.rvm/gems/ruby-2.0.0-p353/specifications/pry-0.10.0.gemspec
I, [2014-07-13T16:40:12.899387 #11782]  INFO -- : 0:  rdoc (4.1.1) from /Users/Guy/.rvm/gems/ruby-2.0.0-p353/specifications/rdoc-4.1.1.gemspec
I, [2014-07-13T16:40:14.494988 #11782]  INFO -- : 0:  rest-client (1.6.8) from /Users/Guy/.rvm/gems/ruby-2.0.0-p353/specifications/rest-client-1.6.8.gemspec
I, [2014-07-13T16:40:41.575447 #11782]  INFO -- : 0:  chef (11.12.8) from /Users/Guy/.rvm/gems/ruby-2.0.0-p353/specifications/chef-11.12.8.gemspec
I, [2014-07-13T16:40:41.575881 #11782]  INFO -- : 0:  bundler (1.5.0) from /Users/Guy/.rvm/gems/ruby-2.0.0-p353@global/specifications/bundler-1.5.0.gemspec
